<?xml version="1.0" encoding="UTF-8"?>
<!-- Generated by org.testng.reporters.JUnitReportReporter -->
<testsuite hostname="LP-5CG02385SG" failures="0" tests="1" name="testcases.LoginTest" time="19.430" errors="0" timestamp="2023-02-15T18:21:56 IST" skipped="0">
  <testcase classname="testcases.LoginTest" name="loginToApplication" time="19.430"/>
  <system-out/>
</testsuite> <!-- testcases.LoginTest -->
