<?xml version="1.0" encoding="UTF-8"?>
<!-- Generated by org.testng.reporters.JUnitReportReporter -->
<testsuite hostname="LP-5CG02385SG" failures="0" tests="1" name="testcases.LoginTest" time="43.900" errors="0" timestamp="2023-02-16T12:00:06 IST" skipped="0">
  <testcase classname="testcases.LoginTest" name="loginToApplication" time="43.900"/>
  <system-out/>
</testsuite> <!-- testcases.LoginTest -->
